-------------------------------------------------------------------------------
Test set: br.com.maddytec.cliente.ClienteApplicationTests
-------------------------------------------------------------------------------
Tests run: 1, Failures: 0, Errors: 1, Skipped: 0, Time elapsed: 3.156 s <<< FAILURE! - in br.com.maddytec.cliente.ClienteApplicationTests
contextLoads  Time elapsed: 0.012 s  <<< ERROR!
java.lang.IllegalStateException: Failed to load ApplicationContext
Caused by: org.springframework.beans.factory.UnsatisfiedDependencyException: Error creating bean with name 'checkController' defined in file [C:\Users\joao.martins\Documents\GerenciadorDeGaragem\apiRestGerenciadoDeGaragem\target\classes\br\com\controller\CheckController.class]: Unsatisfied dependency expressed through constructor parameter 0; nested exception is org.springframework.beans.factory.UnsatisfiedDependencyException: Error creating bean with name 'veiculoService' defined in file [C:\Users\joao.martins\Documents\GerenciadorDeGaragem\apiRestGerenciadoDeGaragem\target\classes\br\com\service\VeiculoService.class]: Unsatisfied dependency expressed through constructor parameter 0; nested exception is org.springframework.beans.factory.BeanCreationException: Error creating bean with name 'veiculoRepository' defined in br.com.repository.VeiculoRepository defined in @EnableJpaRepositories declared on JpaRepositoriesRegistrar.EnableJpaRepositoriesConfiguration: Invocation of init method failed; nested exception is org.springframework.data.repository.query.QueryCreationException: Could not create query for public abstract java.util.List br.com.repository.VeiculoRepository.findByCheck(java.lang.Boolean)! Reason: Failed to create query for method public abstract java.util.List br.com.repository.VeiculoRepository.findByCheck(java.lang.Boolean)! No property check found for type Veiculo!; nested exception is java.lang.IllegalArgumentException: Failed to create query for method public abstract java.util.List br.com.repository.VeiculoRepository.findByCheck(java.lang.Boolean)! No property check found for type Veiculo!
Caused by: org.springframework.beans.factory.UnsatisfiedDependencyException: Error creating bean with name 'veiculoService' defined in file [C:\Users\joao.martins\Documents\GerenciadorDeGaragem\apiRestGerenciadoDeGaragem\target\classes\br\com\service\VeiculoService.class]: Unsatisfied dependency expressed through constructor parameter 0; nested exception is org.springframework.beans.factory.BeanCreationException: Error creating bean with name 'veiculoRepository' defined in br.com.repository.VeiculoRepository defined in @EnableJpaRepositories declared on JpaRepositoriesRegistrar.EnableJpaRepositoriesConfiguration: Invocation of init method failed; nested exception is org.springframework.data.repository.query.QueryCreationException: Could not create query for public abstract java.util.List br.com.repository.VeiculoRepository.findByCheck(java.lang.Boolean)! Reason: Failed to create query for method public abstract java.util.List br.com.repository.VeiculoRepository.findByCheck(java.lang.Boolean)! No property check found for type Veiculo!; nested exception is java.lang.IllegalArgumentException: Failed to create query for method public abstract java.util.List br.com.repository.VeiculoRepository.findByCheck(java.lang.Boolean)! No property check found for type Veiculo!
Caused by: org.springframework.beans.factory.BeanCreationException: Error creating bean with name 'veiculoRepository' defined in br.com.repository.VeiculoRepository defined in @EnableJpaRepositories declared on JpaRepositoriesRegistrar.EnableJpaRepositoriesConfiguration: Invocation of init method failed; nested exception is org.springframework.data.repository.query.QueryCreationException: Could not create query for public abstract java.util.List br.com.repository.VeiculoRepository.findByCheck(java.lang.Boolean)! Reason: Failed to create query for method public abstract java.util.List br.com.repository.VeiculoRepository.findByCheck(java.lang.Boolean)! No property check found for type Veiculo!; nested exception is java.lang.IllegalArgumentException: Failed to create query for method public abstract java.util.List br.com.repository.VeiculoRepository.findByCheck(java.lang.Boolean)! No property check found for type Veiculo!
Caused by: org.springframework.data.repository.query.QueryCreationException: Could not create query for public abstract java.util.List br.com.repository.VeiculoRepository.findByCheck(java.lang.Boolean)! Reason: Failed to create query for method public abstract java.util.List br.com.repository.VeiculoRepository.findByCheck(java.lang.Boolean)! No property check found for type Veiculo!; nested exception is java.lang.IllegalArgumentException: Failed to create query for method public abstract java.util.List br.com.repository.VeiculoRepository.findByCheck(java.lang.Boolean)! No property check found for type Veiculo!
Caused by: java.lang.IllegalArgumentException: Failed to create query for method public abstract java.util.List br.com.repository.VeiculoRepository.findByCheck(java.lang.Boolean)! No property check found for type Veiculo!
Caused by: org.springframework.data.mapping.PropertyReferenceException: No property check found for type Veiculo!

